0 info it worked if it ends with ok
1 verbose cli [ '/usr/bin/node',
1 verbose cli   '/usr/local/lib/node_modules/pm2/lib/ProcessContainerFork.js',
1 verbose cli   'run',
1 verbose cli   'serve',
1 verbose cli   '--' ]
2 info using npm@3.5.2
3 info using node@v8.10.0
4 verbose run-script [ 'preserve', 'serve', 'postserve' ]
5 info lifecycle kono-api@1.0.0~preserve: kono-api@1.0.0
6 silly lifecycle kono-api@1.0.0~preserve: no script for preserve, continuing
7 info lifecycle kono-api@1.0.0~serve: kono-api@1.0.0
8 verbose lifecycle kono-api@1.0.0~serve: unsafe-perm in lifecycle true
9 verbose lifecycle kono-api@1.0.0~serve: PATH: /usr/share/npm/bin/node-gyp-bin:/home/ubuntu/kono/kono-api/node_modules/.bin:/usr/local/sbin:/usr/local/bin:/usr/sbin:/usr/bin:/sbin:/bin:/usr/games:/usr/local/games:/snap/bin
10 verbose lifecycle kono-api@1.0.0~serve: CWD: /home/ubuntu/kono/kono-api
11 silly lifecycle kono-api@1.0.0~serve: Args: [ '-c', 'NODE_ENV=production node dist/bundle.js' ]
12 silly lifecycle kono-api@1.0.0~serve: Returned: code: 1  signal: null
13 info lifecycle kono-api@1.0.0~serve: Failed to exec serve script
14 verbose stack Error: kono-api@1.0.0 serve: `NODE_ENV=production node dist/bundle.js`
14 verbose stack Exit status 1
14 verbose stack     at EventEmitter.<anonymous> (/usr/share/npm/lib/utils/lifecycle.js:232:16)
14 verbose stack     at emitTwo (events.js:126:13)
14 verbose stack     at EventEmitter.emit (events.js:214:7)
14 verbose stack     at ChildProcess.<anonymous> (/usr/share/npm/lib/utils/spawn.js:24:14)
14 verbose stack     at emitTwo (events.js:126:13)
14 verbose stack     at ChildProcess.emit (events.js:214:7)
14 verbose stack     at maybeClose (internal/child_process.js:925:16)
14 verbose stack     at Process.ChildProcess._handle.onexit (internal/child_process.js:209:5)
15 verbose pkgid kono-api@1.0.0
16 verbose cwd /home/ubuntu/kono/kono-api
17 error Linux 4.15.0-1040-aws
18 error argv "/usr/bin/node" "/usr/local/lib/node_modules/pm2/lib/ProcessContainerFork.js" "run" "serve" "--"
19 error node v8.10.0
20 error npm  v3.5.2
21 error code ELIFECYCLE
22 error kono-api@1.0.0 serve: `NODE_ENV=production node dist/bundle.js`
22 error Exit status 1
23 error Failed at the kono-api@1.0.0 serve script 'NODE_ENV=production node dist/bundle.js'.
23 error Make sure you have the latest version of node.js and npm installed.
23 error If you do, this is most likely a problem with the kono-api package,
23 error not with npm itself.
23 error Tell the author that this fails on your system:
23 error     NODE_ENV=production node dist/bundle.js
23 error You can get information on how to open an issue for this project with:
23 error     npm bugs kono-api
23 error Or if that isn't available, you can get their info via:
23 error     npm owner ls kono-api
23 error There is likely additional logging output above.
24 verbose exit [ 1, true ]
